<?xml version="1.0" encoding="UTF-8"?>
<!-- Generated by org.testng.reporters.JUnitXMLReporter -->
<testsuite ignored="1" hostname="DESKTOP-L217HRR" failures="0" tests="1" name="Default test" time="6.35" errors="0" timestamp="2025-04-07T13:14:42 IST">
  <testcase classname="ebay.BasicFunctionality.BasicAndCriticalFeautureTest" name="createAccountTest" time="1.362"/>
  <testcase classname="ebay.BasicFunctionality.BasicAndCriticalFeautureTest" name="billingUpdateTest" time="0.0">
    <ignored/>
  </testcase> <!-- billingUpdateTest -->
</testsuite> <!-- Default test -->
