<?xml version="1.0" encoding="UTF-8"?>
<testng-results ignored="1" total="2" passed="1" failed="0" skipped="0">
  <reporter-output>
  </reporter-output>
  <suite started-at="2025-04-07T13:14:36 IST" name="Default suite" finished-at="2025-04-07T13:14:42 IST" duration-ms="6350">
    <groups>
      <group name="smoke test">
        <method signature="BasicAndCriticalFeautureTest.createAccountTest()[pri:0, instance:ebay.BasicFunctionality.BasicAndCriticalFeautureTest@54d9d12d]" name="createAccountTest" class="ebay.BasicFunctionality.BasicAndCriticalFeautureTest"/>
      </group> <!-- smoke test -->
    </groups>
    <test started-at="2025-04-07T13:14:36 IST" name="Default test" finished-at="2025-04-07T13:14:42 IST" duration-ms="6350">
      <class name="ebay.BasicFunctionality.BasicAndCriticalFeautureTest">
        <test-method is-config="true" signature="configBSTest()[pri:0, instance:ebay.BasicFunctionality.BasicAndCriticalFeautureTest@54d9d12d]" started-at="2025-04-07T13:14:36 IST" name="configBSTest" finished-at="2025-04-07T13:14:36 IST" duration-ms="7" status="PASS">
          <reporter-output>
          </reporter-output>
        </test-method> <!-- configBSTest -->
        <test-method is-config="true" signature="configBCTest(java.lang.String)[pri:0, instance:ebay.BasicFunctionality.BasicAndCriticalFeautureTest@54d9d12d]" started-at="2025-04-07T13:14:36 IST" name="configBCTest" finished-at="2025-04-07T13:14:40 IST" duration-ms="3658" status="PASS">
          <params>
            <param index="0">
              <value>
                <![CDATA[chrome]]>
              </value>
            </param>
          </params>
          <reporter-output>
          </reporter-output>
        </test-method> <!-- configBCTest -->
        <test-method is-config="true" signature="configBMTest()[pri:0, instance:ebay.BasicFunctionality.BasicAndCriticalFeautureTest@54d9d12d]" started-at="2025-04-07T13:14:40 IST" name="configBMTest" finished-at="2025-04-07T13:14:41 IST" duration-ms="971" status="PASS">
          <reporter-output>
          </reporter-output>
        </test-method> <!-- configBMTest -->
        <test-method signature="createAccountTest()[pri:0, instance:ebay.BasicFunctionality.BasicAndCriticalFeautureTest@54d9d12d]" started-at="2025-04-07T13:14:41 IST" name="createAccountTest" finished-at="2025-04-07T13:14:42 IST" duration-ms="1362" status="PASS">
          <reporter-output>
          </reporter-output>
        </test-method> <!-- createAccountTest -->
        <test-method is-config="true" signature="configAMTest()[pri:0, instance:ebay.BasicFunctionality.BasicAndCriticalFeautureTest@54d9d12d]" started-at="2025-04-07T13:14:42 IST" name="configAMTest" finished-at="2025-04-07T13:14:42 IST" duration-ms="118" status="PASS">
          <reporter-output>
          </reporter-output>
        </test-method> <!-- configAMTest -->
        <test-method is-config="true" signature="configAcTest()[pri:0, instance:ebay.BasicFunctionality.BasicAndCriticalFeautureTest@54d9d12d]" started-at="2025-04-07T13:14:42 IST" name="configAcTest" finished-at="2025-04-07T13:14:42 IST" duration-ms="215" status="PASS">
          <reporter-output>
          </reporter-output>
        </test-method> <!-- configAcTest -->
        <test-method is-config="true" signature="configAsTest()[pri:0, instance:ebay.BasicFunctionality.BasicAndCriticalFeautureTest@54d9d12d]" started-at="2025-04-07T13:14:42 IST" name="configAsTest" finished-at="2025-04-07T13:14:42 IST" duration-ms="0" status="PASS">
          <reporter-output>
          </reporter-output>
        </test-method> <!-- configAsTest -->
      </class> <!-- ebay.BasicFunctionality.BasicAndCriticalFeautureTest -->
    </test> <!-- Default test -->
  </suite> <!-- Default suite -->
</testng-results>
