<?xml version="1.0" encoding="UTF-8"?>
<!-- Generated by org.testng.reporters.JUnitXMLReporter -->
<testsuite ignored="0" hostname="DESKTOP-L217HRR" failures="0" tests="2" name="Test" time="0.108" errors="0" timestamp="2025-04-06T17:02:24 IST">
  <testcase classname="ebay.BaseClassUtility.BaseClass" name="@BeforeClass configBCTest" time="-1.743939144702E9">
    <failure type="org.testng.TestNGException" message="
Parameter &amp;apos;BROWSER&amp;apos; is required by BeforeClass on method configBCTest but has not been marked @Optional or defined
in C:\Users\pc\eclipse-workspace\EbayOnlineShoppingApplication\GroupSmoketest.xml">
      <![CDATA[org.testng.TestNGException: 
Parameter 'BROWSER' is required by BeforeClass on method configBCTest but has not been marked @Optional or defined
in C:\Users\pc\eclipse-workspace\EbayOnlineShoppingApplication\GroupSmoketest.xml
at java.base/java.util.ArrayList.forEach(ArrayList.java:1596)
... Removed 22 stack frames]]>
    </failure>
  </testcase> <!-- @BeforeClass configBCTest -->
  <testcase classname="ebay.BaseClassUtility.BaseClass" name="@BeforeMethod configBMTest" time="0.022">
    <failure type="java.lang.NullPointerException" message="Cannot invoke &amp;quot;org.openqa.selenium.WebDriver.get(String)&amp;quot; because &amp;quot;this.driver&amp;quot; is null">
      <![CDATA[java.lang.NullPointerException: Cannot invoke "org.openqa.selenium.WebDriver.get(String)" because "this.driver" is null
at ebay.objectRepository.HomePage.LoginPage(HomePage.java:121)
at ebay.BaseClassUtility.BaseClass.configBMTest(BaseClass.java:64)
at java.base/java.util.ArrayList.forEach(ArrayList.java:1596)
... Removed 29 stack frames]]>
    </failure>
  </testcase> <!-- @BeforeMethod configBMTest -->
  <testcase classname="ebay.BaseClassUtility.BaseClass" name="@AfterMethod configAMTest" time="0.003">
    <failure type="java.lang.NullPointerException" message="Cannot invoke &amp;quot;org.openqa.selenium.SearchContext.findElement(org.openqa.selenium.By)&amp;quot; because &amp;quot;this.searchContext&amp;quot; is null">
      <![CDATA[java.lang.NullPointerException: Cannot invoke "org.openqa.selenium.SearchContext.findElement(org.openqa.selenium.By)" because "this.searchContext" is null
at org.openqa.selenium.support.pagefactory.DefaultElementLocator.findElement(DefaultElementLocator.java:68)
at org.openqa.selenium.support.pagefactory.internal.LocatingElementHandler.invoke(LocatingElementHandler.java:38)
at jdk.proxy2/jdk.proxy2.$Proxy18.click(Unknown Source)
at ebay.objectRepository.HomePage.logout(HomePage.java:131)
at ebay.BaseClassUtility.BaseClass.configAMTest(BaseClass.java:70)
at java.base/java.util.ArrayList.forEach(ArrayList.java:1596)
... Removed 30 stack frames]]>
    </failure>
  </testcase> <!-- @AfterMethod configAMTest -->
  <testcase classname="ebay.BaseClassUtility.BaseClass" name="@BeforeMethod configBMTest" time="0.001">
    <failure type="java.lang.NullPointerException" message="Cannot invoke &amp;quot;org.openqa.selenium.WebDriver.get(String)&amp;quot; because &amp;quot;this.driver&amp;quot; is null">
      <![CDATA[java.lang.NullPointerException: Cannot invoke "org.openqa.selenium.WebDriver.get(String)" because "this.driver" is null
at ebay.objectRepository.HomePage.LoginPage(HomePage.java:121)
at ebay.BaseClassUtility.BaseClass.configBMTest(BaseClass.java:64)
at java.base/java.util.ArrayList.forEach(ArrayList.java:1596)
... Removed 29 stack frames]]>
    </failure>
  </testcase> <!-- @BeforeMethod configBMTest -->
  <testcase classname="ebay.BaseClassUtility.BaseClass" name="@AfterMethod configAMTest" time="0.002">
    <failure type="java.lang.NullPointerException" message="Cannot invoke &amp;quot;org.openqa.selenium.SearchContext.findElement(org.openqa.selenium.By)&amp;quot; because &amp;quot;this.searchContext&amp;quot; is null">
      <![CDATA[java.lang.NullPointerException: Cannot invoke "org.openqa.selenium.SearchContext.findElement(org.openqa.selenium.By)" because "this.searchContext" is null
at org.openqa.selenium.support.pagefactory.DefaultElementLocator.findElement(DefaultElementLocator.java:68)
at org.openqa.selenium.support.pagefactory.internal.LocatingElementHandler.invoke(LocatingElementHandler.java:38)
at jdk.proxy2/jdk.proxy2.$Proxy18.click(Unknown Source)
at ebay.objectRepository.HomePage.logout(HomePage.java:131)
at ebay.BaseClassUtility.BaseClass.configAMTest(BaseClass.java:70)
at java.base/java.util.ArrayList.forEach(ArrayList.java:1596)
... Removed 30 stack frames]]>
    </failure>
  </testcase> <!-- @AfterMethod configAMTest -->
  <testcase classname="ebay.BaseClassUtility.BaseClass" name="@AfterClass configAcTest" time="0.002">
    <failure type="java.lang.NullPointerException" message="Cannot invoke &amp;quot;org.openqa.selenium.WebDriver.quit()&amp;quot; because &amp;quot;this.driver&amp;quot; is null">
      <![CDATA[java.lang.NullPointerException: Cannot invoke "org.openqa.selenium.WebDriver.quit()" because "this.driver" is null
at ebay.BaseClassUtility.BaseClass.configAcTest(BaseClass.java:75)
at java.base/java.util.ArrayList.forEach(ArrayList.java:1596)
... Removed 23 stack frames]]>
    </failure>
  </testcase> <!-- @AfterClass configAcTest -->
  <testcase classname="ebay.BasicFunctionality.BasicAndCriticalFeautureTest" name="billingUpdateTest" time="0.0">
    <skipped/>
  </testcase> <!-- billingUpdateTest -->
  <testcase classname="ebay.BasicFunctionality.BasicAndCriticalFeautureTest" name="createAccountTest" time="0.001">
    <skipped/>
  </testcase> <!-- createAccountTest -->
</testsuite> <!-- Test -->
