<?xml version="1.0" encoding="UTF-8"?>
<!-- Generated by org.testng.reporters.JUnitXMLReporter -->
<testsuite ignored="4" hostname="DESKTOP-L217HRR" failures="0" tests="8" name="Test runner = edge" time="276.798" errors="0" timestamp="2025-04-07T12:06:10 IST">
  <testcase classname="ebay.DataFlow.IntegratedTest" name="CartTest" time="0.001">
    <skipped/>
  </testcase> <!-- CartTest -->
  <testcase classname="ebay.DataFlow.IntegratedTest" name="productFromWishlistTest" time="0.0">
    <skipped/>
  </testcase> <!-- productFromWishlistTest -->
  <testcase classname="ebay.BasicFunctionality.BasicAndCriticalFeautureTest" name="billingUpdateTest" time="0.0">
    <skipped/>
  </testcase> <!-- billingUpdateTest -->
  <testcase classname="ebay.BasicFunctionality.BasicAndCriticalFeautureTest" name="createAccountTest" time="0.0">
    <skipped/>
  </testcase> <!-- createAccountTest -->
  <testcase classname="ebay.EndtoEndTest.NavigateToEachFunctionalityTest" name="DeletePendingOrderTest" time="0.0">
    <skipped/>
  </testcase> <!-- DeletePendingOrderTest -->
  <testcase classname="ebay.EndtoEndTest.NavigateToEachFunctionalityTest" name="addToCartTest" time="0.0">
    <skipped/>
  </testcase> <!-- addToCartTest -->
  <testcase classname="ebay.EndtoEndTest.NavigateToEachFunctionalityTest" name="proceedPendingorderTest" time="0.0">
    <skipped/>
  </testcase> <!-- proceedPendingorderTest -->
  <testcase classname="ebay.EndtoEndTest.NavigateToEachFunctionalityTest" name="wishlistTest" time="0.0">
    <skipped/>
  </testcase> <!-- wishlistTest -->
  <testcase classname="ebay.BaseClassUtility.BaseClass" name="@BeforeSuite configBSTest" time="0.0">
    <ignored/>
  </testcase> <!-- @BeforeSuite configBSTest -->
  <testcase classname="ebay.BaseClassUtility.BaseClass" name="@AfterSuite configAsTest" time="0.0">
    <ignored/>
  </testcase> <!-- @AfterSuite configAsTest -->
  <testcase classname="ebay.BaseClassUtility.BaseClass" name="@AfterSuite configAsTest" time="0.0">
    <ignored/>
  </testcase> <!-- @AfterSuite configAsTest -->
  <testcase classname="ebay.BaseClassUtility.BaseClass" name="@BeforeSuite configBSTest" time="0.0">
    <ignored/>
  </testcase> <!-- @BeforeSuite configBSTest -->
</testsuite> <!-- Test runner = edge -->
